0 info it worked if it ends with ok
1 verbose cli [ 'node', '/usr/local/bin/npm', 'install', 'webtorrent' ]
2 info using npm@1.4.28
3 info using node@v0.10.32
4 warn package.json jsplay@1.0.0 No description
5 warn package.json jsplay@1.0.0 No repository field.
6 verbose readDependencies using package.json deps
7 verbose cache add [ 'webtorrent', null ]
8 verbose cache add name=undefined spec="webtorrent" args=["webtorrent",null]
9 verbose parsed url { protocol: null,
9 verbose parsed url   slashes: null,
9 verbose parsed url   auth: null,
9 verbose parsed url   host: null,
9 verbose parsed url   port: null,
9 verbose parsed url   hostname: null,
9 verbose parsed url   hash: null,
9 verbose parsed url   search: null,
9 verbose parsed url   query: null,
9 verbose parsed url   pathname: 'webtorrent',
9 verbose parsed url   path: 'webtorrent',
9 verbose parsed url   href: 'webtorrent' }
10 silly lockFile a3a54a9a-webtorrent webtorrent
11 verbose lock webtorrent /Users/sarthakmunshi/.npm/a3a54a9a-webtorrent.lock
12 silly lockFile a3a54a9a-webtorrent webtorrent
13 silly lockFile a3a54a9a-webtorrent webtorrent
14 verbose addNamed [ 'webtorrent', '' ]
15 verbose addNamed [ null, '*' ]
16 silly lockFile b98d66eb-webtorrent webtorrent@
17 verbose lock webtorrent@ /Users/sarthakmunshi/.npm/b98d66eb-webtorrent.lock
18 silly addNameRange { name: 'webtorrent', range: '*', hasData: false }
19 verbose request where is /webtorrent
20 verbose request registry https://registry.npmjs.org/
21 verbose request id 30c59f0e23465c64
22 verbose url raw /webtorrent
23 verbose url resolving [ 'https://registry.npmjs.org/', './webtorrent' ]
24 verbose url resolved https://registry.npmjs.org/webtorrent
25 verbose request where is https://registry.npmjs.org/webtorrent
26 info trying registry request attempt 1 at 18:33:09
27 verbose etag "ADUVXV3Y7P9BQHG70APUZP96Z"
28 http GET https://registry.npmjs.org/webtorrent
29 http 200 https://registry.npmjs.org/webtorrent
30 silly registry.get cb [ 200,
30 silly registry.get   { server: 'CouchDB/1.5.0 (Erlang OTP/R16B03)',
30 silly registry.get     etag: '"F29XAKC2YMQZE93026NPKH55X"',
30 silly registry.get     'content-type': 'application/json',
30 silly registry.get     'cache-control': 'max-age=60',
30 silly registry.get     'content-length': '334555',
30 silly registry.get     'accept-ranges': 'bytes',
30 silly registry.get     date: 'Thu, 09 Jul 2015 13:03:12 GMT',
30 silly registry.get     via: '1.1 varnish',
30 silly registry.get     age: '1',
30 silly registry.get     connection: 'keep-alive',
30 silly registry.get     'x-served-by': 'cache-sin6924-SIN',
30 silly registry.get     'x-cache': 'MISS',
30 silly registry.get     'x-cache-hits': '0',
30 silly registry.get     'x-timer': 'S1436446990.454887,VS0,VE1945',
30 silly registry.get     vary: 'Accept' } ]
31 silly addNameRange number 2 { name: 'webtorrent', range: '*', hasData: true }
32 silly addNameRange versions [ 'webtorrent',
32 silly addNameRange   [ '0.0.1',
32 silly addNameRange     '0.1.1',
32 silly addNameRange     '0.1.2',
32 silly addNameRange     '0.2.0',
32 silly addNameRange     '0.2.1',
32 silly addNameRange     '0.2.2',
32 silly addNameRange     '0.2.3',
32 silly addNameRange     '0.2.4',
32 silly addNameRange     '0.2.5',
32 silly addNameRange     '0.2.6',
32 silly addNameRange     '0.2.7',
32 silly addNameRange     '0.2.8',
32 silly addNameRange     '0.2.9',
32 silly addNameRange     '0.2.10',
32 silly addNameRange     '0.2.11',
32 silly addNameRange     '0.2.12',
32 silly addNameRange     '0.2.13',
32 silly addNameRange     '0.2.14',
32 silly addNameRange     '0.2.15',
32 silly addNameRange     '0.2.16',
32 silly addNameRange     '0.2.17',
32 silly addNameRange     '0.2.18',
32 silly addNameRange     '0.3.0',
32 silly addNameRange     '0.3.1',
32 silly addNameRange     '0.3.2',
32 silly addNameRange     '0.3.3',
32 silly addNameRange     '0.4.0',
32 silly addNameRange     '0.5.0',
32 silly addNameRange     '0.5.1',
32 silly addNameRange     '0.5.2',
32 silly addNameRange     '0.5.3',
32 silly addNameRange     '0.5.4',
32 silly addNameRange     '0.6.0',
32 silly addNameRange     '0.7.0',
32 silly addNameRange     '0.7.1',
32 silly addNameRange     '0.7.2',
32 silly addNameRange     '0.7.3',
32 silly addNameRange     '0.8.0',
32 silly addNameRange     '0.8.1',
32 silly addNameRange     '0.8.2',
32 silly addNameRange     '0.9.0',
32 silly addNameRange     '0.10.0',
32 silly addNameRange     '0.10.1',
32 silly addNameRange     '0.10.2',
32 silly addNameRange     '0.10.3',
32 silly addNameRange     '0.11.0',
32 silly addNameRange     '0.11.1',
32 silly addNameRange     '0.11.2',
32 silly addNameRange     '0.11.3',
32 silly addNameRange     '0.12.0',
32 silly addNameRange     '0.12.1',
32 silly addNameRange     '0.13.0',
32 silly addNameRange     '0.13.1',
32 silly addNameRange     '0.14.0',
32 silly addNameRange     '0.15.0',
32 silly addNameRange     '0.16.0',
32 silly addNameRange     '0.17.0',
32 silly addNameRange     '0.17.1',
32 silly addNameRange     '0.18.0',
32 silly addNameRange     '0.19.0',
32 silly addNameRange     '0.19.1',
32 silly addNameRange     '0.20.0',
32 silly addNameRange     '0.21.0',
32 silly addNameRange     '0.22.0',
32 silly addNameRange     '0.22.1',
32 silly addNameRange     '0.23.0',
32 silly addNameRange     '0.24.0',
32 silly addNameRange     '0.25.0',
32 silly addNameRange     '0.26.0',
32 silly addNameRange     '0.27.0',
32 silly addNameRange     '0.27.1',
32 silly addNameRange     '0.27.2',
32 silly addNameRange     '0.27.3',
32 silly addNameRange     '0.28.0',
32 silly addNameRange     '0.29.0',
32 silly addNameRange     '0.29.1',
32 silly addNameRange     '0.29.2',
32 silly addNameRange     '0.29.3',
32 silly addNameRange     '0.29.4',
32 silly addNameRange     '0.30.0',
32 silly addNameRange     '0.31.0',
32 silly addNameRange     '0.32.0',
32 silly addNameRange     '0.33.0',
32 silly addNameRange     '0.34.0',
32 silly addNameRange     '0.35.0',
32 silly addNameRange     '0.36.0',
32 silly addNameRange     '0.37.0',
32 silly addNameRange     '0.37.1',
32 silly addNameRange     '0.37.2',
32 silly addNameRange     '0.38.0',
32 silly addNameRange     '0.39.0',
32 silly addNameRange     '0.40.0',
32 silly addNameRange     '0.40.1',
32 silly addNameRange     '0.40.2',
32 silly addNameRange     '0.41.0',
32 silly addNameRange     '0.42.0',
32 silly addNameRange     '0.43.0',
32 silly addNameRange     '0.43.1',
32 silly addNameRange     '0.44.0',
32 silly addNameRange     '0.45.0',
32 silly addNameRange     '0.46.0',
32 silly addNameRange     '0.47.0',
32 silly addNameRange     '0.47.1',
32 silly addNameRange     '0.48.0',
32 silly addNameRange     '0.48.1',
32 silly addNameRange     '0.48.2',
32 silly addNameRange     '0.48.3',
32 silly addNameRange     '0.48.4',
32 silly addNameRange     '0.48.5',
32 silly addNameRange     '0.48.6',
32 silly addNameRange     '0.49.0',
32 silly addNameRange     '0.49.1',
32 silly addNameRange     '0.49.2',
32 silly addNameRange     '0.50.0',
32 silly addNameRange     '0.50.1',
32 silly addNameRange     '0.50.2',
32 silly addNameRange     '0.50.3',
32 silly addNameRange     '0.51.0',
32 silly addNameRange     '0.51.1',
32 silly addNameRange     '0.52.0' ] ]
33 verbose addNamed [ 'webtorrent', '0.52.0' ]
34 verbose addNamed [ '0.52.0', '0.52.0' ]
35 silly lockFile 8bfab930-webtorrent-0-52-0 webtorrent@0.52.0
36 verbose lock webtorrent@0.52.0 /Users/sarthakmunshi/.npm/8bfab930-webtorrent-0-52-0.lock
37 silly lockFile b7ea6f2c-webtorrent-webtorrent-0-52-0-tgz https://registry.npmjs.org/webtorrent/-/webtorrent-0.52.0.tgz
38 verbose lock https://registry.npmjs.org/webtorrent/-/webtorrent-0.52.0.tgz /Users/sarthakmunshi/.npm/b7ea6f2c-webtorrent-webtorrent-0-52-0-tgz.lock
39 verbose addRemoteTarball [ 'https://registry.npmjs.org/webtorrent/-/webtorrent-0.52.0.tgz',
39 verbose addRemoteTarball   'a5bc8ff6213f72a61fcaaadd192eb34479ee94d3' ]
40 info retry fetch attempt 1 at 18:33:14
41 verbose fetch to= /var/folders/82/0nt5fc4149j0_8j685h7wsdw0000gn/T/npm-1939-cxV-sYCJ/registry.npmjs.org/webtorrent/-/webtorrent-0.52.0.tgz
42 http GET https://registry.npmjs.org/webtorrent/-/webtorrent-0.52.0.tgz
43 http 200 https://registry.npmjs.org/webtorrent/-/webtorrent-0.52.0.tgz
44 silly lockFile b7ea6f2c-webtorrent-webtorrent-0-52-0-tgz https://registry.npmjs.org/webtorrent/-/webtorrent-0.52.0.tgz
45 silly lockFile b7ea6f2c-webtorrent-webtorrent-0-52-0-tgz https://registry.npmjs.org/webtorrent/-/webtorrent-0.52.0.tgz
46 silly lockFile 8bfab930-webtorrent-0-52-0 webtorrent@0.52.0
47 silly lockFile 8bfab930-webtorrent-0-52-0 webtorrent@0.52.0
48 silly lockFile b98d66eb-webtorrent webtorrent@
49 silly lockFile b98d66eb-webtorrent webtorrent@
50 error Error: EACCES, mkdir '/Users/sarthakmunshi/.npm/webtorrent/0.52.0'
50 error  { [Error: EACCES, mkdir '/Users/sarthakmunshi/.npm/webtorrent/0.52.0']
50 error   errno: 3,
50 error   code: 'EACCES',
50 error   path: '/Users/sarthakmunshi/.npm/webtorrent/0.52.0',
50 error   parent: 'jsplay' }
51 error Please try running this command again as root/Administrator.
52 error System Darwin 14.3.0
53 error command "node" "/usr/local/bin/npm" "install" "webtorrent"
54 error cwd /Users/sarthakmunshi/Desktop/Print/jsplay
55 error node -v v0.10.32
56 error npm -v 1.4.28
57 error path /Users/sarthakmunshi/.npm/webtorrent/0.52.0
58 error code EACCES
59 error errno 3
60 error stack Error: EACCES, mkdir '/Users/sarthakmunshi/.npm/webtorrent/0.52.0'
61 verbose exit [ 3, true ]
